Started GET "/" for 127.0.0.1 at 2017-02-08 15:17:29 -0500

ActiveRecord::PendingMigrationError (

Migrations are pending. To resolve this issue, run:

        bin/rails db:migrate RAILS_ENV=development

):

activerecord (5.0.1) lib/active_record/migration.rb:573:in `check_pending!'
activerecord (5.0.1) lib/active_record/migration.rb:549:in `call'
actionpack (5.0.1) lib/action_dispatch/middleware/callbacks.rb:38:in `block in call'
activesupport (5.0.1) lib/active_support/callbacks.rb:97:in `__run_callbacks__'
activesupport (5.0.1) lib/active_support/callbacks.rb:750:in `_run_call_callbacks'
activesupport (5.0.1) lib/active_support/callbacks.rb:90:in `run_callbacks'
actionpack (5.0.1) lib/action_dispatch/middleware/callbacks.rb:36:in `call'
actionpack (5.0.1) lib/action_dispatch/middleware/executor.rb:12:in `call'
actionpack (5.0.1) lib/action_dispatch/middleware/remote_ip.rb:79:in `call'
actionpack (5.0.1) lib/action_dispatch/middleware/debug_exceptions.rb:49:in `call'
web-console (3.4.0) lib/web_console/middleware.rb:135:in `call_app'
web-console (3.4.0) lib/web_console/middleware.rb:28:in `block in call'
web-console (3.4.0) lib/web_console/middleware.rb:18:in `catch'
web-console (3.4.0) lib/web_console/middleware.rb:18:in `call'
actionpack (5.0.1) lib/action_dispatch/middleware/show_exceptions.rb:31:in `call'
railties (5.0.1) lib/rails/rack/logger.rb:36:in `call_app'
railties (5.0.1) lib/rails/rack/logger.rb:24:in `block in call'
activesupport (5.0.1) lib/active_support/tagged_logging.rb:69:in `block in tagged'
activesupport (5.0.1) lib/active_support/tagged_logging.rb:26:in `tagged'
activesupport (5.0.1) lib/active_support/tagged_logging.rb:69:in `tagged'
railties (5.0.1) lib/rails/rack/logger.rb:24:in `call'
sprockets-rails (3.2.0) lib/sprockets/rails/quiet_assets.rb:13:in `call'
actionpack (5.0.1) lib/action_dispatch/middleware/request_id.rb:24:in `call'
rack (2.0.1) lib/rack/method_override.rb:22:in `call'
rack (2.0.1) lib/rack/runtime.rb:22:in `call'
activesupport (5.0.1) lib/active_support/cache/strategy/local_cache_middleware.rb:28:in `call'
actionpack (5.0.1) lib/action_dispatch/middleware/executor.rb:12:in `call'
actionpack (5.0.1) lib/action_dispatch/middleware/static.rb:136:in `call'
rack (2.0.1) lib/rack/sendfile.rb:111:in `call'
railties (5.0.1) lib/rails/engine.rb:522:in `call'
puma (3.7.0) lib/puma/configuration.rb:226:in `call'
puma (3.7.0) lib/puma/server.rb:578:in `handle_request'
puma (3.7.0) lib/puma/server.rb:415:in `process_client'
puma (3.7.0) lib/puma/server.rb:275:in `block in run'
puma (3.7.0) lib/puma/thread_pool.rb:120:in `block in spawn_thread'
  Rendering /home/anne/.rvm/gems/ruby-2.3.3@rails5.1/gems/actionpack-5.0.1/lib/action_dispatch/middleware/templates/rescues/diagnostics.html.erb within rescues/layout
  Rendering /home/anne/.rvm/gems/ruby-2.3.3@rails5.1/gems/actionpack-5.0.1/lib/action_dispatch/middleware/templates/rescues/_source.html.erb
  Rendered /home/anne/.rvm/gems/ruby-2.3.3@rails5.1/gems/actionpack-5.0.1/lib/action_dispatch/middleware/templates/rescues/_source.html.erb (6.9ms)
  Rendering /home/anne/.rvm/gems/ruby-2.3.3@rails5.1/gems/actionpack-5.0.1/lib/action_dispatch/middleware/templates/rescues/_trace.html.erb
  Rendered /home/anne/.rvm/gems/ruby-2.3.3@rails5.1/gems/actionpack-5.0.1/lib/action_dispatch/middleware/templates/rescues/_trace.html.erb (4.4ms)
  Rendering /home/anne/.rvm/gems/ruby-2.3.3@rails5.1/gems/actionpack-5.0.1/lib/action_dispatch/middleware/templates/rescues/_request_and_response.html.erb
  Rendered /home/anne/.rvm/gems/ruby-2.3.3@rails5.1/gems/actionpack-5.0.1/lib/action_dispatch/middleware/templates/rescues/_request_and_response.html.erb (2.6ms)
  Rendered /home/anne/.rvm/gems/ruby-2.3.3@rails5.1/gems/actionpack-5.0.1/lib/action_dispatch/middleware/templates/rescues/diagnostics.html.erb within rescues/layout (156.8ms)
  [1m[35m (159.7ms)[0m  [1m[35mCREATE TABLE "schema_migrations" ("version" varchar NOT NULL PRIMARY KEY)[0m
  [1m[35m (185.7ms)[0m  [1m[35mCREATE TABLE "ar_internal_metadata" ("key" varchar NOT NULL PRIMARY KEY, "value" varchar, "created_at" datetime NOT NULL, "updated_at" datetime NOT NULL)[0m
  [1m[36mActiveRecord::SchemaMigration Load (0.5ms)[0m  [1m[34mSELECT "schema_migrations".* FROM "schema_migrations"[0m
Migrating to CreateUsers (20170208201630)
  [1m[35m (0.3ms)[0m  [1m[36mbegin transaction[0m
  [1m[35m (4.0ms)[0m  [1m[35mCREATE TABLE "users" ("id" INTEGER PRIMARY KEY AUTOINCREMENT NOT NULL, "email" varchar, "password_hash" varchar, "username" varchar, "zipcode" integer, "profile_pic" varchar, "player_id" integer, "dm_id" integer, "created_at" datetime NOT NULL, "updated_at" datetime NOT NULL)[0m
  [1m[35mSQL (0.7ms)[0m  [1m[32mINSERT INTO "schema_migrations" ("version") VALUES (?)[0m  [["version", "20170208201630"]]
  [1m[35m (180.3ms)[0m  [1m[36mcommit transaction[0m
  [1m[36mActiveRecord::InternalMetadata Load (0.4ms)[0m  [1m[34mSELECT  "ar_internal_metadata".* FROM "ar_internal_metadata" WHERE "ar_internal_metadata"."key" = ? LIMIT ?[0m  [["key", :environment], ["LIMIT", 1]]
  [1m[35m (0.2ms)[0m  [1m[36mbegin transaction[0m
  [1m[35mSQL (0.6ms)[0m  [1m[32mINSERT INTO "ar_internal_metadata" ("key", "value", "created_at", "updated_at") VALUES (?, ?, ?, ?)[0m  [["key", "environment"], ["value", "development"], ["created_at", 2017-02-08 20:18:24 UTC], ["updated_at", 2017-02-08 20:18:24 UTC]]
  [1m[35m (172.1ms)[0m  [1m[36mcommit transaction[0m
  [1m[36mActiveRecord::SchemaMigration Load (0.5ms)[0m  [1m[34mSELECT "schema_migrations".* FROM "schema_migrations"[0m
Started GET "/" for 127.0.0.1 at 2017-02-08 15:18:29 -0500
  [1m[36mActiveRecord::SchemaMigration Load (0.3ms)[0m  [1m[34mSELECT "schema_migrations".* FROM "schema_migrations"[0m
Processing by Rails::WelcomeController#index as HTML
  Parameters: {"internal"=>true}
  Rendering /home/anne/.rvm/gems/ruby-2.3.3@rails5.1/gems/railties-5.0.1/lib/rails/templates/rails/welcome/index.html.erb
  Rendered /home/anne/.rvm/gems/ruby-2.3.3@rails5.1/gems/railties-5.0.1/lib/rails/templates/rails/welcome/index.html.erb (6.8ms)
Completed 200 OK in 69ms (Views: 11.1ms | ActiveRecord: 0.0ms)


Started GET "/users" for 127.0.0.1 at 2017-02-08 15:18:43 -0500
Processing by UsersController#index as HTML
  Rendering users/index.html.erb within layouts/application
  [1m[36mUser Load (0.5ms)[0m  [1m[34mSELECT "users".* FROM "users"[0m
  Rendered users/index.html.erb within layouts/application (13.8ms)
Completed 200 OK in 2849ms (Views: 2836.0ms | ActiveRecord: 1.6ms)


Started GET "/users/new" for 127.0.0.1 at 2017-02-08 15:18:49 -0500
Processing by UsersController#new as HTML
  Rendering users/new.html.erb within layouts/application
  Rendered users/_form.html.erb (477.7ms)
  Rendered users/new.html.erb within layouts/application (481.3ms)
Completed 200 OK in 619ms (Views: 585.9ms | ActiveRecord: 1.6ms)


Started POST "/users" for 127.0.0.1 at 2017-02-08 15:19:20 -0500
Processing by UsersController#create as HTML
  Parameters: {"utf8"=>"✓", "authenticity_token"=>"jT75j696Ygm3boXYCNSBjf0YOHyt9mQW5frmFmwFh44odzgROPXUPkMZl1/DAzA4inNncYqJBRE2E6TmgpQ0dQ==", "user"=>{"email"=>"anne@example.com", "password_hash"=>"[FILTERED]", "username"=>"apple", "zipcode"=>"60035", "profile_pic"=>":)", "player_id"=>"1", "dm_id"=>"1"}, "commit"=>"Create User"}
  [1m[35m (0.5ms)[0m  [1m[36mbegin transaction[0m
  [1m[35mSQL (2.0ms)[0m  [1m[32mINSERT INTO "users" ("email", "password_hash", "username", "zipcode", "profile_pic", "player_id", "dm_id", "created_at", "updated_at") VALUES (?, ?, ?, ?, ?, ?, ?, ?, ?)[0m  [["email", "anne@example.com"], ["password_hash", "I like icecream"], ["username", "apple"], ["zipcode", 60035], ["profile_pic", ":)"], ["player_id", 1], ["dm_id", 1], ["created_at", 2017-02-08 20:19:20 UTC], ["updated_at", 2017-02-08 20:19:20 UTC]]
  [1m[35m (127.7ms)[0m  [1m[36mcommit transaction[0m
Redirected to http://0.0.0.0:3000/users/1
Completed 302 Found in 154ms (ActiveRecord: 130.2ms)


Started GET "/users/1" for 127.0.0.1 at 2017-02-08 15:19:20 -0500
Processing by UsersController#show as HTML
  Parameters: {"id"=>"1"}
  [1m[36mUser Load (0.9ms)[0m  [1m[34mSELECT  "users".* FROM "users" WHERE "users"."id" = ? LIMIT ?[0m  [["id", 1], ["LIMIT", 1]]
  Rendering users/show.html.erb within layouts/application
  Rendered users/show.html.erb within layouts/application (3.8ms)
Completed 200 OK in 137ms (Views: 103.6ms | ActiveRecord: 0.9ms)


Started GET "/users" for 127.0.0.1 at 2017-02-08 15:20:43 -0500
Processing by UsersController#index as HTML
  Rendering users/index.html.erb within layouts/application
  [1m[36mUser Load (0.9ms)[0m  [1m[34mSELECT "users".* FROM "users"[0m
  Rendered users/index.html.erb within layouts/application (8.1ms)
Completed 200 OK in 116ms (Views: 110.8ms | ActiveRecord: 0.9ms)


Started GET "/users/new" for 127.0.0.1 at 2017-02-08 15:31:38 -0500
Processing by UsersController#new as HTML
Completed 500 Internal Server Error in 9ms (ActiveRecord: 0.0ms)



LoadError (cannot load such file -- bcrypt):

app/models/user.rb:1:in `<top (required)>'
app/controllers/users_controller.rb:17:in `new'
  Rendering /home/anne/.rvm/gems/ruby-2.3.3@rails5.1/gems/actionpack-5.0.1/lib/action_dispatch/middleware/templates/rescues/diagnostics.html.erb within rescues/layout
  Rendering /home/anne/.rvm/gems/ruby-2.3.3@rails5.1/gems/actionpack-5.0.1/lib/action_dispatch/middleware/templates/rescues/_source.html.erb
  Rendered /home/anne/.rvm/gems/ruby-2.3.3@rails5.1/gems/actionpack-5.0.1/lib/action_dispatch/middleware/templates/rescues/_source.html.erb (11.1ms)
  Rendering /home/anne/.rvm/gems/ruby-2.3.3@rails5.1/gems/actionpack-5.0.1/lib/action_dispatch/middleware/templates/rescues/_trace.html.erb
  Rendered /home/anne/.rvm/gems/ruby-2.3.3@rails5.1/gems/actionpack-5.0.1/lib/action_dispatch/middleware/templates/rescues/_trace.html.erb (6.4ms)
  Rendering /home/anne/.rvm/gems/ruby-2.3.3@rails5.1/gems/actionpack-5.0.1/lib/action_dispatch/middleware/templates/rescues/_request_and_response.html.erb
  Rendered /home/anne/.rvm/gems/ruby-2.3.3@rails5.1/gems/actionpack-5.0.1/lib/action_dispatch/middleware/templates/rescues/_request_and_response.html.erb (1.7ms)
  Rendered /home/anne/.rvm/gems/ruby-2.3.3@rails5.1/gems/actionpack-5.0.1/lib/action_dispatch/middleware/templates/rescues/diagnostics.html.erb within rescues/layout (51.6ms)
Started GET "/users/new" for 127.0.0.1 at 2017-02-08 15:32:20 -0500
Processing by UsersController#new as HTML
Completed 500 Internal Server Error in 7ms (ActiveRecord: 0.0ms)



LoadError (cannot load such file -- bcrypt):

app/models/user.rb:1:in `<top (required)>'
app/controllers/users_controller.rb:17:in `new'
  Rendering /home/anne/.rvm/gems/ruby-2.3.3@rails5.1/gems/actionpack-5.0.1/lib/action_dispatch/middleware/templates/rescues/diagnostics.html.erb within rescues/layout
  Rendering /home/anne/.rvm/gems/ruby-2.3.3@rails5.1/gems/actionpack-5.0.1/lib/action_dispatch/middleware/templates/rescues/_source.html.erb
  Rendered /home/anne/.rvm/gems/ruby-2.3.3@rails5.1/gems/actionpack-5.0.1/lib/action_dispatch/middleware/templates/rescues/_source.html.erb (13.6ms)
  Rendering /home/anne/.rvm/gems/ruby-2.3.3@rails5.1/gems/actionpack-5.0.1/lib/action_dispatch/middleware/templates/rescues/_trace.html.erb
  Rendered /home/anne/.rvm/gems/ruby-2.3.3@rails5.1/gems/actionpack-5.0.1/lib/action_dispatch/middleware/templates/rescues/_trace.html.erb (6.5ms)
  Rendering /home/anne/.rvm/gems/ruby-2.3.3@rails5.1/gems/actionpack-5.0.1/lib/action_dispatch/middleware/templates/rescues/_request_and_response.html.erb
  Rendered /home/anne/.rvm/gems/ruby-2.3.3@rails5.1/gems/actionpack-5.0.1/lib/action_dispatch/middleware/templates/rescues/_request_and_response.html.erb (2.1ms)
  Rendered /home/anne/.rvm/gems/ruby-2.3.3@rails5.1/gems/actionpack-5.0.1/lib/action_dispatch/middleware/templates/rescues/diagnostics.html.erb within rescues/layout (64.4ms)
Started GET "/users/new" for 127.0.0.1 at 2017-02-08 15:32:45 -0500
Processing by UsersController#new as HTML
Completed 500 Internal Server Error in 6ms (ActiveRecord: 0.0ms)



LoadError (cannot load such file -- bcrypt):

app/models/user.rb:1:in `<top (required)>'
app/controllers/users_controller.rb:17:in `new'
  Rendering /home/anne/.rvm/gems/ruby-2.3.3@rails5.1/gems/actionpack-5.0.1/lib/action_dispatch/middleware/templates/rescues/diagnostics.html.erb within rescues/layout
  Rendering /home/anne/.rvm/gems/ruby-2.3.3@rails5.1/gems/actionpack-5.0.1/lib/action_dispatch/middleware/templates/rescues/_source.html.erb
  Rendered /home/anne/.rvm/gems/ruby-2.3.3@rails5.1/gems/actionpack-5.0.1/lib/action_dispatch/middleware/templates/rescues/_source.html.erb (13.7ms)
  Rendering /home/anne/.rvm/gems/ruby-2.3.3@rails5.1/gems/actionpack-5.0.1/lib/action_dispatch/middleware/templates/rescues/_trace.html.erb
  Rendered /home/anne/.rvm/gems/ruby-2.3.3@rails5.1/gems/actionpack-5.0.1/lib/action_dispatch/middleware/templates/rescues/_trace.html.erb (6.2ms)
  Rendering /home/anne/.rvm/gems/ruby-2.3.3@rails5.1/gems/actionpack-5.0.1/lib/action_dispatch/middleware/templates/rescues/_request_and_response.html.erb
  Rendered /home/anne/.rvm/gems/ruby-2.3.3@rails5.1/gems/actionpack-5.0.1/lib/action_dispatch/middleware/templates/rescues/_request_and_response.html.erb (2.4ms)
  Rendered /home/anne/.rvm/gems/ruby-2.3.3@rails5.1/gems/actionpack-5.0.1/lib/action_dispatch/middleware/templates/rescues/diagnostics.html.erb within rescues/layout (63.9ms)
Started GET "/users/new" for 127.0.0.1 at 2017-02-08 15:33:01 -0500
  [1m[36mActiveRecord::SchemaMigration Load (0.5ms)[0m  [1m[34mSELECT "schema_migrations".* FROM "schema_migrations"[0m
Processing by UsersController#new as HTML
  Rendering users/new.html.erb within layouts/application
  Rendered users/_form.html.erb (59.3ms)
  Rendered users/new.html.erb within layouts/application (65.1ms)
Completed 200 OK in 655ms (Views: 606.8ms | ActiveRecord: 1.7ms)


Started POST "/users" for 127.0.0.1 at 2017-02-08 15:33:32 -0500
Processing by UsersController#create as HTML
  Parameters: {"utf8"=>"✓", "authenticity_token"=>"fhTNoxpHe5vHycrkHZrwhsJa+8lMDRgu5gs6dP8hVEBlXy8Ti+IqGqx6YuC6ojoGnqIC36O4R1CquhYqs14NPg==", "user"=>{"email"=>"", "password_hash"=>"[FILTERED]", "username"=>"apple", "zipcode"=>"60035", "profile_pic"=>":(", "player_id"=>"1", "dm_id"=>"2"}, "commit"=>"Create User"}
  [1m[35m (0.8ms)[0m  [1m[36mbegin transaction[0m
  [1m[36mUser Exists (0.5ms)[0m  [1m[34mSELECT  1 AS one FROM "users" WHERE LOWER("users"."username") = LOWER(?) LIMIT ?[0m  [["username", "apple"], ["LIMIT", 1]]
  [1m[36mUser Exists (0.3ms)[0m  [1m[34mSELECT  1 AS one FROM "users" WHERE LOWER("users"."email") = LOWER(?) LIMIT ?[0m  [["email", ""], ["LIMIT", 1]]
  [1m[35m (0.2ms)[0m  [1m[31mrollback transaction[0m
  Rendering users/new.html.erb within layouts/application
  Rendered users/_form.html.erb (12.8ms)
  Rendered users/new.html.erb within layouts/application (15.4ms)
Completed 200 OK in 295ms (Views: 68.8ms | ActiveRecord: 1.8ms)
Started GET "/" for 127.0.0.1 at 2017-02-08 23:33:18 -0500
  [1m[36mActiveRecord::SchemaMigration Load (0.5ms)[0m  [1m[34mSELECT "schema_migrations".* FROM "schema_migrations"[0m
Processing by Rails::WelcomeController#index as HTML
  Parameters: {"internal"=>true}
  Rendering /home/daniel/.rbenv/versions/2.4.0/lib/ruby/gems/2.4.0/gems/railties-5.0.1/lib/rails/templates/rails/welcome/index.html.erb
  Rendered /home/daniel/.rbenv/versions/2.4.0/lib/ruby/gems/2.4.0/gems/railties-5.0.1/lib/rails/templates/rails/welcome/index.html.erb (9.7ms)
Completed 200 OK in 73ms (Views: 33.4ms | ActiveRecord: 0.0ms)


Started GET "/users" for 127.0.0.1 at 2017-02-08 23:33:24 -0500
Processing by UsersController#index as HTML
  Rendering users/index.html.erb within layouts/application
  [1m[36mUser Load (1.1ms)[0m  [1m[34mSELECT "users".* FROM "users"[0m
  Rendered users/index.html.erb within layouts/application (46.0ms)
Completed 200 OK in 788ms (Views: 751.5ms | ActiveRecord: 3.1ms)


Started GET "/users/new" for 127.0.0.1 at 2017-02-08 23:34:46 -0500
Processing by UsersController#new as HTML
  Rendering users/new.html.erb within layouts/application
  Rendered users/_form.html.erb (117.8ms)
  Rendered users/new.html.erb within layouts/application (123.2ms)
Completed 200 OK in 191ms (Views: 186.5ms | ActiveRecord: 0.0ms)


Started POST "/users" for 127.0.0.1 at 2017-02-08 23:43:38 -0500
Processing by UsersController#create as HTML
  Parameters: {"utf8"=>"✓", "authenticity_token"=>"nyLFg11SeRoCDzw7XMXFVP4muo4W7aqIDW8m4P0chlpCRqiPAYK24aFM11K6yf/FYTJXD3XN9YxrkDsAS/m7yA==", "user"=>{"email"=>"dv@brandeis.edu", "password_hash"=>"[FILTERED]", "username"=>"are", "zipcode"=>"90210", "profile_pic"=>".jpg", "player_id"=>"1", "dm_id"=>"2"}, "commit"=>"Create User"}
  [1m[35m (0.5ms)[0m  [1m[36mbegin transaction[0m
  [1m[36mUser Exists (0.6ms)[0m  [1m[34mSELECT  1 AS one FROM "users" WHERE LOWER("users"."username") = LOWER(?) LIMIT ?[0m  [["username", "are"], ["LIMIT", 1]]
  [1m[36mUser Exists (0.4ms)[0m  [1m[34mSELECT  1 AS one FROM "users" WHERE LOWER("users"."email") = LOWER(?) LIMIT ?[0m  [["email", "dv@brandeis.edu"], ["LIMIT", 1]]
  [1m[35mSQL (3.2ms)[0m  [1m[32mINSERT INTO "users" ("email", "password_hash", "username", "zipcode", "profile_pic", "player_id", "dm_id", "created_at", "updated_at") VALUES (?, ?, ?, ?, ?, ?, ?, ?, ?)[0m  [["email", "dv@brandeis.edu"], ["password_hash", "you"], ["username", "are"], ["zipcode", 90210], ["profile_pic", ".jpg"], ["player_id", 1], ["dm_id", 2], ["created_at", 2017-02-09 04:43:38 UTC], ["updated_at", 2017-02-09 04:43:38 UTC]]
  [1m[35m (8.9ms)[0m  [1m[36mcommit transaction[0m
Redirected to http://localhost:3000/users/3
Completed 302 Found in 82ms (ActiveRecord: 13.6ms)


Started GET "/users/3" for 127.0.0.1 at 2017-02-08 23:43:38 -0500
Processing by UsersController#show as HTML
  Parameters: {"id"=>"3"}
  [1m[36mUser Load (0.9ms)[0m  [1m[34mSELECT  "users".* FROM "users" WHERE "users"."id" = ? LIMIT ?[0m  [["id", 3], ["LIMIT", 1]]
  Rendering users/show.html.erb within layouts/application
  Rendered users/show.html.erb within layouts/application (5.1ms)
Completed 200 OK in 124ms (Views: 103.5ms | ActiveRecord: 0.9ms)


Started GET "/users/3/edit" for 127.0.0.1 at 2017-02-08 23:44:48 -0500
Processing by UsersController#edit as HTML
  Parameters: {"id"=>"3"}
  [1m[36mUser Load (0.3ms)[0m  [1m[34mSELECT  "users".* FROM "users" WHERE "users"."id" = ? LIMIT ?[0m  [["id", 3], ["LIMIT", 1]]
  Rendering users/edit.html.erb within layouts/application
  Rendered users/_form.html.erb (21.8ms)
  Rendered users/edit.html.erb within layouts/application (26.2ms)
Completed 200 OK in 126ms (Views: 96.4ms | ActiveRecord: 0.3ms)


Started PATCH "/users/3" for 127.0.0.1 at 2017-02-08 23:44:53 -0500
Processing by UsersController#update as HTML
  Parameters: {"utf8"=>"✓", "authenticity_token"=>"Zq8wF3JdjveWgicHRTbUtjySsIwMQa4Vgi4AJxOpDifSXh0ahy9bu5h53YYejFy1KQ6kYzNQ8Mk+/cDgG37BRg==", "user"=>{"email"=>"dv@brandeis.edu", "password_hash"=>"[FILTERED]", "username"=>"are", "zipcode"=>"90210", "profile_pic"=>".jpg", "player_id"=>"1", "dm_id"=>"2"}, "commit"=>"Update User", "id"=>"3"}
  [1m[36mUser Load (0.7ms)[0m  [1m[34mSELECT  "users".* FROM "users" WHERE "users"."id" = ? LIMIT ?[0m  [["id", 3], ["LIMIT", 1]]
  [1m[35m (0.3ms)[0m  [1m[36mbegin transaction[0m
  [1m[36mUser Exists (0.6ms)[0m  [1m[34mSELECT  1 AS one FROM "users" WHERE LOWER("users"."username") = LOWER(?) AND ("users"."id" != ?) LIMIT ?[0m  [["username", "are"], ["id", 3], ["LIMIT", 1]]
  [1m[36mUser Exists (0.5ms)[0m  [1m[34mSELECT  1 AS one FROM "users" WHERE LOWER("users"."email") = LOWER(?) AND ("users"."id" != ?) LIMIT ?[0m  [["email", "dv@brandeis.edu"], ["id", 3], ["LIMIT", 1]]
  [1m[35m (0.2ms)[0m  [1m[36mcommit transaction[0m
Redirected to http://localhost:3000/users/3
Completed 302 Found in 25ms (ActiveRecord: 2.2ms)


Started GET "/users/3" for 127.0.0.1 at 2017-02-08 23:44:53 -0500
Processing by UsersController#show as HTML
  Parameters: {"id"=>"3"}
  [1m[36mUser Load (1.6ms)[0m  [1m[34mSELECT  "users".* FROM "users" WHERE "users"."id" = ? LIMIT ?[0m  [["id", 3], ["LIMIT", 1]]
  Rendering users/show.html.erb within layouts/application
  Rendered users/show.html.erb within layouts/application (3.3ms)
Completed 200 OK in 99ms (Views: 89.2ms | ActiveRecord: 1.6ms)


Started GET "/users" for 127.0.0.1 at 2017-02-08 23:45:08 -0500
Processing by UsersController#index as HTML
  Rendering users/index.html.erb within layouts/application
  [1m[36mUser Load (0.6ms)[0m  [1m[34mSELECT "users".* FROM "users"[0m
  Rendered users/index.html.erb within layouts/application (9.0ms)
Completed 200 OK in 76ms (Views: 72.2ms | ActiveRecord: 0.6ms)


Started DELETE "/users/3" for 127.0.0.1 at 2017-02-08 23:45:13 -0500
Processing by UsersController#destroy as HTML
  Parameters: {"authenticity_token"=>"bXQ2tQiCpqdYRIZhbYUfYp832bziWhD/U47r/zf2NGgG4YGaMnMOrNF+cj2kV5SeeGM4Cd51SXwTkTVPnRbHzA==", "id"=>"3"}
  [1m[36mUser Load (0.6ms)[0m  [1m[34mSELECT  "users".* FROM "users" WHERE "users"."id" = ? LIMIT ?[0m  [["id", 3], ["LIMIT", 1]]
  [1m[35m (0.4ms)[0m  [1m[36mbegin transaction[0m
  [1m[35mSQL (1.1ms)[0m  [1m[31mDELETE FROM "users" WHERE "users"."id" = ?[0m  [["id", 3]]
  [1m[35m (26.4ms)[0m  [1m[36mcommit transaction[0m
Redirected to http://localhost:3000/users
Completed 302 Found in 55ms (ActiveRecord: 28.5ms)


Started GET "/users" for 127.0.0.1 at 2017-02-08 23:45:13 -0500
Processing by UsersController#index as HTML
  Rendering users/index.html.erb within layouts/application
  [1m[36mUser Load (0.6ms)[0m  [1m[34mSELECT "users".* FROM "users"[0m
  Rendered users/index.html.erb within layouts/application (7.2ms)
Completed 200 OK in 87ms (Views: 82.7ms | ActiveRecord: 0.6ms)


Started GET "/users/new" for 127.0.0.1 at 2017-02-08 23:45:16 -0500
Processing by UsersController#new as HTML
  Rendering users/new.html.erb within layouts/application
  Rendered users/_form.html.erb (13.2ms)
  Rendered users/new.html.erb within layouts/application (20.9ms)
Completed 200 OK in 112ms (Views: 103.9ms | ActiveRecord: 0.0ms)


Started POST "/users" for 127.0.0.1 at 2017-02-08 23:45:30 -0500
Processing by UsersController#create as HTML
  Parameters: {"utf8"=>"✓", "authenticity_token"=>"5WB4mu9OW2fuFjVudQe6L1X6Plf/wMA9Lb/eiSxUyOw4BBWWs56UnE1V3geTC4C+yu7T1pzgnzlLQMNpmrH1fg==", "user"=>{"email"=>"dv@brandeis.edu", "password_hash"=>"[FILTERED]", "username"=>"are", "zipcode"=>"-2", "profile_pic"=>".jpg", "player_id"=>"-1", "dm_id"=>"-1"}, "commit"=>"Create User"}
  [1m[35m (0.2ms)[0m  [1m[36mbegin transaction[0m
  [1m[36mUser Exists (0.4ms)[0m  [1m[34mSELECT  1 AS one FROM "users" WHERE LOWER("users"."username") = LOWER(?) LIMIT ?[0m  [["username", "are"], ["LIMIT", 1]]
  [1m[36mUser Exists (0.4ms)[0m  [1m[34mSELECT  1 AS one FROM "users" WHERE LOWER("users"."email") = LOWER(?) LIMIT ?[0m  [["email", "dv@brandeis.edu"], ["LIMIT", 1]]
  [1m[35mSQL (0.6ms)[0m  [1m[32mINSERT INTO "users" ("email", "password_hash", "username", "zipcode", "profile_pic", "player_id", "dm_id", "created_at", "updated_at") VALUES (?, ?, ?, ?, ?, ?, ?, ?, ?)[0m  [["email", "dv@brandeis.edu"], ["password_hash", "you"], ["username", "are"], ["zipcode", -2], ["profile_pic", ".jpg"], ["player_id", -1], ["dm_id", -1], ["created_at", 2017-02-09 04:45:30 UTC], ["updated_at", 2017-02-09 04:45:30 UTC]]
  [1m[35m (9.1ms)[0m  [1m[36mcommit transaction[0m
Redirected to http://localhost:3000/users/4
Completed 302 Found in 31ms (ActiveRecord: 10.8ms)


Started GET "/users/4" for 127.0.0.1 at 2017-02-08 23:45:30 -0500
Processing by UsersController#show as HTML
  Parameters: {"id"=>"4"}
  [1m[36mUser Load (0.5ms)[0m  [1m[34mSELECT  "users".* FROM "users" WHERE "users"."id" = ? LIMIT ?[0m  [["id", 4], ["LIMIT", 1]]
  Rendering users/show.html.erb within layouts/application
  Rendered users/show.html.erb within layouts/application (3.0ms)
Completed 200 OK in 73ms (Views: 67.5ms | ActiveRecord: 0.5ms)


  [1m[36mActiveRecord::SchemaMigration Load (0.8ms)[0m  [1m[34mSELECT "schema_migrations".* FROM "schema_migrations"[0m
Migrating to CreateDmBios (20170209062741)
  [1m[35m (0.4ms)[0m  [1m[36mbegin transaction[0m
  [1m[35m (4.2ms)[0m  [1m[35mCREATE TABLE "dm_bios" ("id" INTEGER PRIMARY KEY AUTOINCREMENT NOT NULL, "bio" text, "exp_level" integer, "ruleset1" boolean, "ruleset2" boolean, "ruleset3" boolean, "ruleset4" boolean, "created_at" datetime NOT NULL, "updated_at" datetime NOT NULL)[0m
  [1m[35mSQL (1.1ms)[0m  [1m[32mINSERT INTO "schema_migrations" ("version") VALUES (?)[0m  [["version", "20170209062741"]]
  [1m[35m (8.9ms)[0m  [1m[36mcommit transaction[0m
  [1m[36mActiveRecord::InternalMetadata Load (0.9ms)[0m  [1m[34mSELECT  "ar_internal_metadata".* FROM "ar_internal_metadata" WHERE "ar_internal_metadata"."key" = ? LIMIT ?[0m  [["key", :environment], ["LIMIT", 1]]
  [1m[35m (0.3ms)[0m  [1m[36mbegin transaction[0m
  [1m[35m (0.4ms)[0m  [1m[36mcommit transaction[0m
  [1m[36mActiveRecord::SchemaMigration Load (0.8ms)[0m  [1m[34mSELECT "schema_migrations".* FROM "schema_migrations"[0m
  [1m[36mActiveRecord::SchemaMigration Load (0.8ms)[0m  [1m[34mSELECT "schema_migrations".* FROM "schema_migrations"[0m
Migrating to CreatePlayerBios (20170209062852)
  [1m[35m (0.4ms)[0m  [1m[36mbegin transaction[0m
  [1m[35m (0.4ms)[0m  [1m[31mrollback transaction[0m
  [1m[36mActiveRecord::SchemaMigration Load (0.8ms)[0m  [1m[34mSELECT "schema_migrations".* FROM "schema_migrations"[0m
Migrating to CreatePlayerBios (20170209063254)
  [1m[35m (0.4ms)[0m  [1m[36mbegin transaction[0m
  [1m[35m (4.2ms)[0m  [1m[35mCREATE TABLE "player_bios" ("id" INTEGER PRIMARY KEY AUTOINCREMENT NOT NULL, "bio" text, "exp_level" varchar, "ruleset1" boolean, "ruleset2" boolean, "ruleset3" boolean, "ruleset4" boolean, "created_at" datetime NOT NULL, "updated_at" datetime NOT NULL)[0m
  [1m[35mSQL (0.6ms)[0m  [1m[32mINSERT INTO "schema_migrations" ("version") VALUES (?)[0m  [["version", "20170209063254"]]
  [1m[35m (25.9ms)[0m  [1m[36mcommit transaction[0m
  [1m[36mActiveRecord::InternalMetadata Load (0.7ms)[0m  [1m[34mSELECT  "ar_internal_metadata".* FROM "ar_internal_metadata" WHERE "ar_internal_metadata"."key" = ? LIMIT ?[0m  [["key", :environment], ["LIMIT", 1]]
  [1m[35m (0.2ms)[0m  [1m[36mbegin transaction[0m
  [1m[35m (0.2ms)[0m  [1m[36mcommit transaction[0m
  [1m[36mActiveRecord::SchemaMigration Load (0.4ms)[0m  [1m[34mSELECT "schema_migrations".* FROM "schema_migrations"[0m
  [1m[36mActiveRecord::SchemaMigration Load (0.5ms)[0m  [1m[34mSELECT "schema_migrations".* FROM "schema_migrations"[0m
Migrating to CreateCharacterSheets (20170209063354)
  [1m[35m (0.2ms)[0m  [1m[36mbegin transaction[0m
  [1m[35m (1.2ms)[0m  [1m[35mCREATE TABLE "character_sheets" ("id" INTEGER PRIMARY KEY AUTOINCREMENT NOT NULL, "user_id" integer, "filename" varchar, "bio" text, "created_at" datetime NOT NULL, "updated_at" datetime NOT NULL)[0m
  [1m[35mSQL (0.6ms)[0m  [1m[32mINSERT INTO "schema_migrations" ("version") VALUES (?)[0m  [["version", "20170209063354"]]
  [1m[35m (26.8ms)[0m  [1m[36mcommit transaction[0m
  [1m[36mActiveRecord::InternalMetadata Load (0.9ms)[0m  [1m[34mSELECT  "ar_internal_metadata".* FROM "ar_internal_metadata" WHERE "ar_internal_metadata"."key" = ? LIMIT ?[0m  [["key", :environment], ["LIMIT", 1]]
  [1m[35m (0.2ms)[0m  [1m[36mbegin transaction[0m
  [1m[35m (0.2ms)[0m  [1m[36mcommit transaction[0m
  [1m[36mActiveRecord::SchemaMigration Load (0.4ms)[0m  [1m[34mSELECT "schema_migrations".* FROM "schema_migrations"[0m
Started GET "/" for 10.0.2.2 at 2017-02-15 20:23:27 +0000
Cannot render console from 10.0.2.2! Allowed networks: 127.0.0.1, ::1, 127.0.0.0/127.255.255.255
  [1m[36mActiveRecord::SchemaMigration Load (6.0ms)[0m  [1m[34mSELECT "schema_migrations".* FROM "schema_migrations"[0m
Processing by Rails::WelcomeController#index as HTML
  Parameters: {"internal"=>true}
  Rendering /home/vagrant/.rbenv/versions/2.3.1/lib/ruby/gems/2.3.0/gems/railties-5.0.1/lib/rails/templates/rails/welcome/index.html.erb
  Rendered /home/vagrant/.rbenv/versions/2.3.1/lib/ruby/gems/2.3.0/gems/railties-5.0.1/lib/rails/templates/rails/welcome/index.html.erb (37.0ms)
Completed 200 OK in 290ms (Views: 140.3ms | ActiveRecord: 0.0ms)


Started GET "/dm_profiles" for 10.0.2.2 at 2017-02-15 20:23:58 +0000
Cannot render console from 10.0.2.2! Allowed networks: 127.0.0.1, ::1, 127.0.0.0/127.255.255.255
Processing by DmProfilesController#index as HTML
  Rendering dm_profiles/index.html.erb within layouts/application
  [1m[36mDmProfile Load (12.2ms)[0m  [1m[34mSELECT "dm_profiles".* FROM "dm_profiles"[0m
  Rendered dm_profiles/index.html.erb within layouts/application (143.9ms)
Completed 500 Internal Server Error in 584ms (ActiveRecord: 12.2ms)


  
ActionView::Template::Error (SQLite3::SQLException: no such table: dm_profiles: SELECT "dm_profiles".* FROM "dm_profiles"):
    16:   </thead>
    17: 
    18:   <tbody>
    19:     <% @dm_profiles.each do |dm_profile| %>
    20:       <tr>
    21:         <td><%= dm_profile.bio %></td>
    22:         <td><%= dm_profile.exp_level %></td>
  
app/views/dm_profiles/index.html.erb:19:in `_app_views_dm_profiles_index_html_erb__2647297218712658923_70337167734480'
  Rendering /home/vagrant/.rbenv/versions/2.3.1/lib/ruby/gems/2.3.0/gems/actionpack-5.0.1/lib/action_dispatch/middleware/templates/rescues/template_error.html.erb within rescues/layout
  Rendering /home/vagrant/.rbenv/versions/2.3.1/lib/ruby/gems/2.3.0/gems/actionpack-5.0.1/lib/action_dispatch/middleware/templates/rescues/_source.html.erb
  Rendered /home/vagrant/.rbenv/versions/2.3.1/lib/ruby/gems/2.3.0/gems/actionpack-5.0.1/lib/action_dispatch/middleware/templates/rescues/_source.html.erb (19.8ms)
  Rendering /home/vagrant/.rbenv/versions/2.3.1/lib/ruby/gems/2.3.0/gems/actionpack-5.0.1/lib/action_dispatch/middleware/templates/rescues/_trace.html.erb
  Rendered /home/vagrant/.rbenv/versions/2.3.1/lib/ruby/gems/2.3.0/gems/actionpack-5.0.1/lib/action_dispatch/middleware/templates/rescues/_trace.html.erb (8.5ms)
  Rendering /home/vagrant/.rbenv/versions/2.3.1/lib/ruby/gems/2.3.0/gems/actionpack-5.0.1/lib/action_dispatch/middleware/templates/rescues/_request_and_response.html.erb
  Rendered /home/vagrant/.rbenv/versions/2.3.1/lib/ruby/gems/2.3.0/gems/actionpack-5.0.1/lib/action_dispatch/middleware/templates/rescues/_request_and_response.html.erb (2.5ms)
  Rendered /home/vagrant/.rbenv/versions/2.3.1/lib/ruby/gems/2.3.0/gems/actionpack-5.0.1/lib/action_dispatch/middleware/templates/rescues/template_error.html.erb within rescues/layout (138.7ms)
  [1m[36mActiveRecord::SchemaMigration Load (5.5ms)[0m  [1m[34mSELECT "schema_migrations".* FROM "schema_migrations"[0m
  [1m[35m (5.9ms)[0m  [1m[34mSELECT "ar_internal_metadata"."value" FROM "ar_internal_metadata" WHERE "ar_internal_metadata"."key" = ?[0m  [["key", :environment]]
  [1m[36mActiveRecord::SchemaMigration Load (4.7ms)[0m  [1m[34mSELECT "schema_migrations".* FROM "schema_migrations"[0m
  [1m[35m (5.6ms)[0m  [1m[34mSELECT "ar_internal_metadata"."value" FROM "ar_internal_metadata" WHERE "ar_internal_metadata"."key" = ?[0m  [["key", :environment]]
  [1m[36mActiveRecord::SchemaMigration Load (4.9ms)[0m  [1m[34mSELECT "schema_migrations".* FROM "schema_migrations"[0m
  [1m[35m (5.0ms)[0m  [1m[34mSELECT "ar_internal_metadata"."value" FROM "ar_internal_metadata" WHERE "ar_internal_metadata"."key" = ?[0m  [["key", :environment]]
Started GET "/dm_profiles" for 10.0.2.2 at 2017-02-15 20:25:37 +0000
Cannot render console from 10.0.2.2! Allowed networks: 127.0.0.1, ::1, 127.0.0.0/127.255.255.255
  [1m[36mActiveRecord::SchemaMigration Load (8.3ms)[0m  [1m[34mSELECT "schema_migrations".* FROM "schema_migrations"[0m
Processing by DmProfilesController#index as HTML
  Rendering dm_profiles/index.html.erb within layouts/application
  [1m[36mDmProfile Load (7.1ms)[0m  [1m[34mSELECT "dm_profiles".* FROM "dm_profiles"[0m
  Rendered dm_profiles/index.html.erb within layouts/application (142.7ms)
Completed 500 Internal Server Error in 736ms (ActiveRecord: 7.1ms)


  
ActionView::Template::Error (SQLite3::SQLException: no such table: dm_profiles: SELECT "dm_profiles".* FROM "dm_profiles"):
    16:   </thead>
    17: 
    18:   <tbody>
    19:     <% @dm_profiles.each do |dm_profile| %>
    20:       <tr>
    21:         <td><%= dm_profile.bio %></td>
    22:         <td><%= dm_profile.exp_level %></td>
  
app/views/dm_profiles/index.html.erb:19:in `_app_views_dm_profiles_index_html_erb___2274291533970664888_69905308680240'
  Rendering /home/vagrant/.rbenv/versions/2.3.1/lib/ruby/gems/2.3.0/gems/actionpack-5.0.1/lib/action_dispatch/middleware/templates/rescues/template_error.html.erb within rescues/layout
  Rendering /home/vagrant/.rbenv/versions/2.3.1/lib/ruby/gems/2.3.0/gems/actionpack-5.0.1/lib/action_dispatch/middleware/templates/rescues/_source.html.erb
  Rendered /home/vagrant/.rbenv/versions/2.3.1/lib/ruby/gems/2.3.0/gems/actionpack-5.0.1/lib/action_dispatch/middleware/templates/rescues/_source.html.erb (19.3ms)
  Rendering /home/vagrant/.rbenv/versions/2.3.1/lib/ruby/gems/2.3.0/gems/actionpack-5.0.1/lib/action_dispatch/middleware/templates/rescues/_trace.html.erb
  Rendered /home/vagrant/.rbenv/versions/2.3.1/lib/ruby/gems/2.3.0/gems/actionpack-5.0.1/lib/action_dispatch/middleware/templates/rescues/_trace.html.erb (7.6ms)
  Rendering /home/vagrant/.rbenv/versions/2.3.1/lib/ruby/gems/2.3.0/gems/actionpack-5.0.1/lib/action_dispatch/middleware/templates/rescues/_request_and_response.html.erb
  Rendered /home/vagrant/.rbenv/versions/2.3.1/lib/ruby/gems/2.3.0/gems/actionpack-5.0.1/lib/action_dispatch/middleware/templates/rescues/_request_and_response.html.erb (2.5ms)
  Rendered /home/vagrant/.rbenv/versions/2.3.1/lib/ruby/gems/2.3.0/gems/actionpack-5.0.1/lib/action_dispatch/middleware/templates/rescues/template_error.html.erb within rescues/layout (108.1ms)
  [1m[36mActiveRecord::SchemaMigration Load (5.5ms)[0m  [1m[34mSELECT "schema_migrations".* FROM "schema_migrations"[0m
  [1m[35m (5.8ms)[0m  [1m[34mSELECT "ar_internal_metadata"."value" FROM "ar_internal_metadata" WHERE "ar_internal_metadata"."key" = ?[0m  [["key", :environment]]
  [1m[36mActiveRecord::SchemaMigration Load (4.8ms)[0m  [1m[34mSELECT "schema_migrations".* FROM "schema_migrations"[0m
  [1m[35m (4.7ms)[0m  [1m[34mSELECT "ar_internal_metadata"."value" FROM "ar_internal_metadata" WHERE "ar_internal_metadata"."key" = ?[0m  [["key", :environment]]
  [1m[36mActiveRecord::SchemaMigration Load (4.8ms)[0m  [1m[34mSELECT "schema_migrations".* FROM "schema_migrations"[0m
  [1m[35m (4.8ms)[0m  [1m[34mSELECT "ar_internal_metadata"."value" FROM "ar_internal_metadata" WHERE "ar_internal_metadata"."key" = ?[0m  [["key", :environment]]
  [1m[35m (36.7ms)[0m  [1m[35mCREATE TABLE "schema_migrations" ("version" varchar NOT NULL PRIMARY KEY)[0m
  [1m[35m (22.6ms)[0m  [1m[35mCREATE TABLE "ar_internal_metadata" ("key" varchar NOT NULL PRIMARY KEY, "value" varchar, "created_at" datetime NOT NULL, "updated_at" datetime NOT NULL)[0m
  [1m[36mActiveRecord::SchemaMigration Load (5.5ms)[0m  [1m[34mSELECT "schema_migrations".* FROM "schema_migrations"[0m
Migrating to CreateUsers (20170208201630)
  [1m[35m (0.4ms)[0m  [1m[36mbegin transaction[0m
  [1m[35m (14.9ms)[0m  [1m[35mCREATE TABLE "users" ("id" INTEGER PRIMARY KEY AUTOINCREMENT NOT NULL, "email" varchar, "password_hash" varchar, "username" varchar, "zipcode" integer, "profile_pic" varchar, "player_id" integer, "dm_id" integer, "created_at" datetime NOT NULL, "updated_at" datetime NOT NULL)[0m
  [1m[35mSQL (2.6ms)[0m  [1m[32mINSERT INTO "schema_migrations" ("version") VALUES (?)[0m  [["version", "20170208201630"]]
  [1m[35m (11.2ms)[0m  [1m[36mcommit transaction[0m
Migrating to CreateDmProfiles (20170209062741)
  [1m[35m (0.3ms)[0m  [1m[36mbegin transaction[0m
  [1m[35m (13.9ms)[0m  [1m[35mCREATE TABLE "dm_profiles" ("id" INTEGER PRIMARY KEY AUTOINCREMENT NOT NULL, "bio" text, "exp_level" integer, "ruleset1" boolean, "ruleset2" boolean, "ruleset3" boolean, "ruleset4" boolean, "created_at" datetime NOT NULL, "updated_at" datetime NOT NULL)[0m
  [1m[35mSQL (1.9ms)[0m  [1m[32mINSERT INTO "schema_migrations" ("version") VALUES (?)[0m  [["version", "20170209062741"]]
  [1m[35m (9.5ms)[0m  [1m[36mcommit transaction[0m
Migrating to CreatePlayerProfiles (20170209063254)
  [1m[35m (0.2ms)[0m  [1m[36mbegin transaction[0m
  [1m[35m (14.6ms)[0m  [1m[35mCREATE TABLE "player_profiles" ("id" INTEGER PRIMARY KEY AUTOINCREMENT NOT NULL, "bio" text, "exp_level" varchar, "ruleset1" boolean, "ruleset2" boolean, "ruleset3" boolean, "ruleset4" boolean, "created_at" datetime NOT NULL, "updated_at" datetime NOT NULL)[0m
  [1m[35mSQL (3.9ms)[0m  [1m[32mINSERT INTO "schema_migrations" ("version") VALUES (?)[0m  [["version", "20170209063254"]]
  [1m[35m (7.9ms)[0m  [1m[36mcommit transaction[0m
Migrating to CreateCharacterSheets (20170209063354)
  [1m[35m (1.1ms)[0m  [1m[36mbegin transaction[0m
  [1m[35m (14.2ms)[0m  [1m[35mCREATE TABLE "character_sheets" ("id" INTEGER PRIMARY KEY AUTOINCREMENT NOT NULL, "user_id" integer, "filename" varchar, "bio" text, "created_at" datetime NOT NULL, "updated_at" datetime NOT NULL)[0m
  [1m[35mSQL (2.7ms)[0m  [1m[32mINSERT INTO "schema_migrations" ("version") VALUES (?)[0m  [["version", "20170209063354"]]
  [1m[35m (8.5ms)[0m  [1m[36mcommit transaction[0m
  [1m[36mActiveRecord::InternalMetadata Load (5.2ms)[0m  [1m[34mSELECT  "ar_internal_metadata".* FROM "ar_internal_metadata" WHERE "ar_internal_metadata"."key" = ? LIMIT ?[0m  [["key", :environment], ["LIMIT", 1]]
  [1m[35m (0.2ms)[0m  [1m[36mbegin transaction[0m
  [1m[35mSQL (14.4ms)[0m  [1m[32mINSERT INTO "ar_internal_metadata" ("key", "value", "created_at", "updated_at") VALUES (?, ?, ?, ?)[0m  [["key", "environment"], ["value", "development"], ["created_at", 2017-02-15 20:35:11 UTC], ["updated_at", 2017-02-15 20:35:11 UTC]]
  [1m[35m (9.7ms)[0m  [1m[36mcommit transaction[0m
  [1m[36mActiveRecord::SchemaMigration Load (12.1ms)[0m  [1m[34mSELECT "schema_migrations".* FROM "schema_migrations"[0m
Started GET "/player_profiles" for 10.0.2.2 at 2017-02-15 20:35:39 +0000
Cannot render console from 10.0.2.2! Allowed networks: 127.0.0.1, ::1, 127.0.0.0/127.255.255.255
  [1m[36mActiveRecord::SchemaMigration Load (5.8ms)[0m  [1m[34mSELECT "schema_migrations".* FROM "schema_migrations"[0m
  
LoadError (Unable to autoload constant PlayerProfilesController, expected /vagrant/dropbox/cosi166b_spittler/dicer/dicer/app/controllers/player_profiles_controller.rb to define it):
  
activesupport (5.0.1) lib/active_support/dependencies.rb:512:in `load_missing_constant'
activesupport (5.0.1) lib/active_support/dependencies.rb:203:in `const_missing'
activesupport (5.0.1) lib/active_support/inflector/methods.rb:268:in `const_get'
activesupport (5.0.1) lib/active_support/inflector/methods.rb:268:in `block in constantize'
activesupport (5.0.1) lib/active_support/inflector/methods.rb:266:in `each'
activesupport (5.0.1) lib/active_support/inflector/methods.rb:266:in `inject'
activesupport (5.0.1) lib/active_support/inflector/methods.rb:266:in `constantize'
activesupport (5.0.1) lib/active_support/dependencies.rb:583:in `get'
activesupport (5.0.1) lib/active_support/dependencies.rb:614:in `constantize'
actionpack (5.0.1) lib/action_dispatch/http/request.rb:81:in `controller_class'
actionpack (5.0.1) lib/action_dispatch/routing/route_set.rb:44:in `controller'
actionpack (5.0.1) lib/action_dispatch/routing/route_set.rb:30:in `serve'
actionpack (5.0.1) lib/action_dispatch/journey/router.rb:39:in `block in serve'
actionpack (5.0.1) lib/action_dispatch/journey/router.rb:26:in `each'
actionpack (5.0.1) lib/action_dispatch/journey/router.rb:26:in `serve'
actionpack (5.0.1) lib/action_dispatch/routing/route_set.rb:725:in `call'
rack (2.0.1) lib/rack/etag.rb:25:in `call'
rack (2.0.1) lib/rack/conditional_get.rb:25:in `call'
rack (2.0.1) lib/rack/head.rb:12:in `call'
rack (2.0.1) lib/rack/session/abstract/id.rb:222:in `context'
rack (2.0.1) lib/rack/session/abstract/id.rb:216:in `call'
actionpack (5.0.1) lib/action_dispatch/middleware/cookies.rb:613:in `call'
activerecord (5.0.1) lib/active_record/migration.rb:553:in `call'
actionpack (5.0.1) lib/action_dispatch/middleware/callbacks.rb:38:in `block in call'
activesupport (5.0.1) lib/active_support/callbacks.rb:97:in `__run_callbacks__'
activesupport (5.0.1) lib/active_support/callbacks.rb:750:in `_run_call_callbacks'
activesupport (5.0.1) lib/active_support/callbacks.rb:90:in `run_callbacks'
actionpack (5.0.1) lib/action_dispatch/middleware/callbacks.rb:36:in `call'
actionpack (5.0.1) lib/action_dispatch/middleware/executor.rb:12:in `call'
actionpack (5.0.1) lib/action_dispatch/middleware/remote_ip.rb:79:in `call'
actionpack (5.0.1) lib/action_dispatch/middleware/debug_exceptions.rb:49:in `call'
web-console (3.4.0) lib/web_console/middleware.rb:135:in `call_app'
web-console (3.4.0) lib/web_console/middleware.rb:20:in `block in call'
web-console (3.4.0) lib/web_console/middleware.rb:18:in `catch'
web-console (3.4.0) lib/web_console/middleware.rb:18:in `call'
actionpack (5.0.1) lib/action_dispatch/middleware/show_exceptions.rb:31:in `call'
railties (5.0.1) lib/rails/rack/logger.rb:36:in `call_app'
railties (5.0.1) lib/rails/rack/logger.rb:24:in `block in call'
activesupport (5.0.1) lib/active_support/tagged_logging.rb:69:in `block in tagged'
activesupport (5.0.1) lib/active_support/tagged_logging.rb:26:in `tagged'
activesupport (5.0.1) lib/active_support/tagged_logging.rb:69:in `tagged'
railties (5.0.1) lib/rails/rack/logger.rb:24:in `call'
sprockets-rails (3.2.0) lib/sprockets/rails/quiet_assets.rb:13:in `call'
actionpack (5.0.1) lib/action_dispatch/middleware/request_id.rb:24:in `call'
rack (2.0.1) lib/rack/method_override.rb:22:in `call'
rack (2.0.1) lib/rack/runtime.rb:22:in `call'
activesupport (5.0.1) lib/active_support/cache/strategy/local_cache_middleware.rb:28:in `call'
actionpack (5.0.1) lib/action_dispatch/middleware/executor.rb:12:in `call'
actionpack (5.0.1) lib/action_dispatch/middleware/static.rb:136:in `call'
rack (2.0.1) lib/rack/sendfile.rb:111:in `call'
railties (5.0.1) lib/rails/engine.rb:522:in `call'
puma (3.7.0) lib/puma/configuration.rb:226:in `call'
puma (3.7.0) lib/puma/server.rb:578:in `handle_request'
puma (3.7.0) lib/puma/server.rb:415:in `process_client'
puma (3.7.0) lib/puma/server.rb:275:in `block in run'
puma (3.7.0) lib/puma/thread_pool.rb:120:in `block in spawn_thread'
  Rendering /home/vagrant/.rbenv/versions/2.3.1/lib/ruby/gems/2.3.0/gems/actionpack-5.0.1/lib/action_dispatch/middleware/templates/rescues/diagnostics.html.erb within rescues/layout
  Rendering /home/vagrant/.rbenv/versions/2.3.1/lib/ruby/gems/2.3.0/gems/actionpack-5.0.1/lib/action_dispatch/middleware/templates/rescues/_source.html.erb
  Rendered /home/vagrant/.rbenv/versions/2.3.1/lib/ruby/gems/2.3.0/gems/actionpack-5.0.1/lib/action_dispatch/middleware/templates/rescues/_source.html.erb (13.9ms)
  Rendering /home/vagrant/.rbenv/versions/2.3.1/lib/ruby/gems/2.3.0/gems/actionpack-5.0.1/lib/action_dispatch/middleware/templates/rescues/_trace.html.erb
  Rendered /home/vagrant/.rbenv/versions/2.3.1/lib/ruby/gems/2.3.0/gems/actionpack-5.0.1/lib/action_dispatch/middleware/templates/rescues/_trace.html.erb (5.7ms)
  Rendering /home/vagrant/.rbenv/versions/2.3.1/lib/ruby/gems/2.3.0/gems/actionpack-5.0.1/lib/action_dispatch/middleware/templates/rescues/_request_and_response.html.erb
  Rendered /home/vagrant/.rbenv/versions/2.3.1/lib/ruby/gems/2.3.0/gems/actionpack-5.0.1/lib/action_dispatch/middleware/templates/rescues/_request_and_response.html.erb (84.0ms)
  Rendered /home/vagrant/.rbenv/versions/2.3.1/lib/ruby/gems/2.3.0/gems/actionpack-5.0.1/lib/action_dispatch/middleware/templates/rescues/diagnostics.html.erb within rescues/layout (224.5ms)
Started GET "/player_profiles" for 10.0.2.2 at 2017-02-15 20:37:31 +0000
Cannot render console from 10.0.2.2! Allowed networks: 127.0.0.1, ::1, 127.0.0.0/127.255.255.255
  [1m[36mActiveRecord::SchemaMigration Load (7.5ms)[0m  [1m[34mSELECT "schema_migrations".* FROM "schema_migrations"[0m
Processing by PlayerProfilesController#index as HTML
  Rendering player_profiles/index.html.erb within layouts/application
  [1m[36mPlayerProfile Load (5.2ms)[0m  [1m[34mSELECT "player_profiles".* FROM "player_profiles"[0m
  Rendered player_profiles/index.html.erb within layouts/application (73.5ms)
Completed 200 OK in 11043ms (Views: 10708.7ms | ActiveRecord: 12.5ms)


Started GET "/player_profiles" for 10.0.2.2 at 2017-02-15 20:38:42 +0000
Cannot render console from 10.0.2.2! Allowed networks: 127.0.0.1, ::1, 127.0.0.0/127.255.255.255
Processing by PlayerProfilesController#index as HTML
  Rendering player_profiles/index.html.erb within layouts/application
  [1m[36mPlayerProfile Load (9.9ms)[0m  [1m[34mSELECT "player_profiles".* FROM "player_profiles"[0m
  Rendered player_profiles/index.html.erb within layouts/application (21.1ms)
Completed 200 OK in 1299ms (Views: 1206.1ms | ActiveRecord: 9.9ms)


Started GET "/dm_profiles" for 10.0.2.2 at 2017-02-15 20:38:49 +0000
Cannot render console from 10.0.2.2! Allowed networks: 127.0.0.1, ::1, 127.0.0.0/127.255.255.255
Processing by DmProfilesController#index as HTML
  Rendering dm_profiles/index.html.erb within layouts/application
  [1m[36mDmProfile Load (5.4ms)[0m  [1m[34mSELECT "dm_profiles".* FROM "dm_profiles"[0m
  Rendered dm_profiles/index.html.erb within layouts/application (22.9ms)
Completed 200 OK in 1193ms (Views: 1020.7ms | ActiveRecord: 11.5ms)


Started GET "/dm_profiles" for 10.0.2.2 at 2017-02-15 20:39:46 +0000
Cannot render console from 10.0.2.2! Allowed networks: 127.0.0.1, ::1, 127.0.0.0/127.255.255.255
Processing by DmProfilesController#index as HTML
  Rendering dm_profiles/index.html.erb within layouts/application
  [1m[36mDmProfile Load (5.4ms)[0m  [1m[34mSELECT "dm_profiles".* FROM "dm_profiles"[0m
  Rendered dm_profiles/index.html.erb within layouts/application (13.0ms)
Completed 200 OK in 1222ms (Views: 1137.2ms | ActiveRecord: 5.4ms)


Started GET "/users" for 10.0.2.2 at 2017-02-15 20:51:15 +0000
Cannot render console from 10.0.2.2! Allowed networks: 127.0.0.1, ::1, 127.0.0.0/127.255.255.255
  [1m[36mActiveRecord::SchemaMigration Load (5.7ms)[0m  [1m[34mSELECT "schema_migrations".* FROM "schema_migrations"[0m
Processing by UsersController#index as HTML
  Rendering users/index.html.erb within layouts/application
  [1m[36mUser Load (6.1ms)[0m  [1m[34mSELECT "users".* FROM "users"[0m
  Rendered users/index.html.erb within layouts/application (74.9ms)
Completed 200 OK in 4568ms (Views: 4254.3ms | ActiveRecord: 13.0ms)


